  main.cpp
D:\ProjectGit\TehProg\lab3TP\lab3TP\Structure.h(238,13): warning C4244: аргумент: преобразование "time_t" в "unsigned int", возможна потеря данных
D:\ProjectGit\TehProg\lab3TP\lab3TP\Structure.h(383,13): warning C4244: аргумент: преобразование "time_t" в "unsigned int", возможна потеря данных
D:\ProjectGit\TehProg\lab3TP\lab3TP\Structure.h(238,12): warning C4244: аргумент: преобразование "time_t" в "unsigned int", возможна потеря данных
D:\ProjectGit\TehProg\lab3TP\lab3TP\Structure.h(237): message : во время компиляции функции-члена класс шаблон "void Structure<T>::init(int,const char *,const char *)"
          with
          [
              T=int
          ]
D:\ProjectGit\TehProg\lab3TP\lab3TP\main.cpp(34): message : выполняется компиляция ссылки на экземпляр шаблон функции "void Structure<T>::init(int,const char *,const char *)"
          with
          [
              T=int
          ]
D:\ProjectGit\TehProg\lab3TP\lab3TP\main.cpp(31): message : выполняется компиляция ссылки на экземпляр класс шаблон функции "Structure<T>"
          with
          [
              T=int
          ]
D:\ProjectGit\TehProg\lab3TP\lab3TP\main.cpp(96): message : выполняется компиляция ссылки на экземпляр шаблон функции "void interface<int>(void)"
D:\ProjectGit\TehProg\lab3TP\lab3TP\Structure.h(383,12): warning C4244: аргумент: преобразование "time_t" в "unsigned int", возможна потеря данных
D:\ProjectGit\TehProg\lab3TP\lab3TP\Structure.h(382): message : во время компиляции функции-члена класс шаблон "T Structure<T>::insert(T)"
          with
          [
              T=int
          ]
D:\ProjectGit\TehProg\lab3TP\lab3TP\main.cpp(50): message : выполняется компиляция ссылки на экземпляр шаблон функции "T Structure<T>::insert(T)"
          with
          [
              T=int
          ]
D:\ProjectGit\TehProg\lab3TP\lab3TP\List.h(125): warning C4715: List<int>::operator[]: значение возвращается не при всех путях выполнения
D:\ProjectGit\TehProg\lab3TP\lab3TP\List.h(142): warning C4715: List<int>::getPoint: значение возвращается не при всех путях выполнения
  lab3TP.vcxproj -> D:\ProjectGit\TehProg\lab3TP\Debug\lab3TP.exe
